<?xml version="1.0" encoding="UTF-8"?>
<!-- Generated by org.testng.reporters.JUnitReportReporter -->
<testsuite skipped="0" hostname="LAPTOP-0R4OL0F9" name="tests.CompareProductsTest" tests="1" failures="0" timestamp="05 May 2020 18:13:08 GMT" time="36.722" errors="0">
  <testcase name="TestCompareProductsAndClearCompareList" time="36.722" classname="tests.CompareProductsTest"/>
</testsuite> <!-- tests.CompareProductsTest -->
