<?xml version="1.0" encoding="UTF-8"?>
<!-- Generated by org.testng.reporters.JUnitReportReporter -->
<testsuite skipped="0" hostname="LAPTOP-0R4OL0F9" name="tests.UserRegisterationUsingCSVFileDDT" tests="1" failures="0" timestamp="12 May 2020 20:56:38 GMT" time="87.252" errors="0">
  <testcase name="TestUserRegisterationPage" time="87.252" classname="tests.UserRegisterationUsingCSVFileDDT"/>
</testsuite> <!-- tests.UserRegisterationUsingCSVFileDDT -->
