<?xml version="1.0" encoding="UTF-8"?>
<!-- Generated by org.testng.reporters.JUnitReportReporter -->
<testsuite skipped="0" hostname="LAPTOP-0R4OL0F9" name="tests.UserRegisterationUsingPropertiesFileDDT" tests="1" failures="0" timestamp="10 May 2020 20:25:55 GMT" time="28.515" errors="0">
  <testcase name="TestUserRegisterationPage" time="28.515" classname="tests.UserRegisterationUsingPropertiesFileDDT"/>
</testsuite> <!-- tests.UserRegisterationUsingPropertiesFileDDT -->
