<?xml version="1.0" encoding="UTF-8"?>
<!-- Generated by org.testng.reporters.JUnitReportReporter -->
<testsuite skipped="0" hostname="LAPTOP-0R4OL0F9" name="tests.UserRegisterationUsingJavaFakerLibraryDDT" tests="1" failures="0" timestamp="13 May 2020 20:56:52 GMT" time="33.641" errors="0">
  <testcase name="TestUserRegisterationPage" time="33.641" classname="tests.UserRegisterationUsingJavaFakerLibraryDDT"/>
</testsuite> <!-- tests.UserRegisterationUsingJavaFakerLibraryDDT -->
