<?xml version="1.0" encoding="UTF-8"?>
<!-- Generated by org.testng.reporters.JUnitReportReporter -->
<testsuite skipped="0" hostname="LAPTOP-0R4OL0F9" name="tests.UserRegisterationUsingDataProviderDDT" tests="2" failures="0" timestamp="10 May 2020 18:22:17 GMT" time="53.978" errors="0">
  <testcase name="TestUserRegisterationPage" time="25.495" classname="tests.UserRegisterationUsingDataProviderDDT"/>
  <testcase name="TestUserRegisterationPage" time="28.483" classname="tests.UserRegisterationUsingDataProviderDDT"/>
</testsuite> <!-- tests.UserRegisterationUsingDataProviderDDT -->
