<?xml version="1.0" encoding="UTF-8"?>
<!-- Generated by org.testng.reporters.JUnitReportReporter -->
<testsuite skipped="0" hostname="LAPTOP-0R4OL0F9" name="tests.AddAndRemoveWishListTest" tests="1" failures="0" timestamp="30 May 2020 18:16:57 GMT" time="19.405" errors="0">
  <testcase name="TestAddAndRemoveProductFromWishList" time="19.405" classname="tests.AddAndRemoveWishListTest"/>
</testsuite> <!-- tests.AddAndRemoveWishListTest -->
