<?xml version="1.0" encoding="UTF-8"?>
<!-- Generated by org.testng.reporters.JUnitReportReporter -->
<testsuite skipped="2" hostname="LAPTOP-0R4OL0F9" name="runner.TestRunner" tests="2" failures="0" timestamp="17 May 2020 21:00:40 GMT" time="30.299" errors="0">
  <testcase name="runScenario" time="16.339" classname="runner.TestRunner">
    <skipped/>
  </testcase> <!-- runScenario -->
  <testcase name="runScenario" time="13.960" classname="runner.TestRunner">
    <skipped/>
  </testcase> <!-- runScenario -->
</testsuite> <!-- runner.TestRunner -->
