<?xml version="1.0" encoding="UTF-8"?>
<!-- Generated by org.testng.reporters.JUnitReportReporter -->
<testsuite skipped="0" hostname="LAPTOP-0R4OL0F9" name="tests.UserRegisterationUsingJsonFileDDT" tests="1" failures="0" timestamp="13 May 2020 19:57:31 GMT" time="35.383" errors="0">
  <testcase name="TestUserRegisterationPage" time="35.383" classname="tests.UserRegisterationUsingJsonFileDDT"/>
</testsuite> <!-- tests.UserRegisterationUsingJsonFileDDT -->
