<?xml version="1.0" encoding="UTF-8"?>
<!-- Generated by org.testng.reporters.JUnitReportReporter -->
<testsuite skipped="0" hostname="LAPTOP-0R4OL0F9" name="tests.UserRegisterationTest" tests="1" failures="0" timestamp="05 May 2020 18:13:08 GMT" time="14.801" errors="0">
  <testcase name="TestUserRegisterationPage" time="14.801" classname="tests.UserRegisterationTest"/>
</testsuite> <!-- tests.UserRegisterationTest -->
