<?xml version="1.0" encoding="UTF-8"?>
<!-- Generated by org.testng.reporters.JUnitReportReporter -->
<testsuite skipped="0" hostname="LAPTOP-0R4OL0F9" name="tests.UserRegisterationUsingExcelFileDDT" tests="3" failures="0" timestamp="11 May 2020 22:25:40 GMT" time="74.913" errors="0">
  <testcase name="TestUserRegisterationPage" time="26.320" classname="tests.UserRegisterationUsingExcelFileDDT"/>
  <testcase name="TestUserRegisterationPage" time="25.181" classname="tests.UserRegisterationUsingExcelFileDDT"/>
  <testcase name="TestUserRegisterationPage" time="23.412" classname="tests.UserRegisterationUsingExcelFileDDT"/>
</testsuite> <!-- tests.UserRegisterationUsingExcelFileDDT -->
