<?xml version="1.0" encoding="UTF-8"?>
<!-- Generated by org.testng.reporters.JUnitReportReporter -->
<testsuite skipped="0" hostname="LAPTOP-0R4OL0F9" name="tests.ContactUsPageTest" tests="1" failures="0" timestamp="07 Jun 2020 18:47:45 GMT" time="9.532" errors="0">
  <testcase name="TestUserCanUseContactUs" time="9.532" classname="tests.ContactUsPageTest"/>
</testsuite> <!-- tests.ContactUsPageTest -->
