<?xml version="1.0" encoding="UTF-8"?>
<!-- Generated by org.testng.reporters.JUnitReportReporter -->
<testsuite skipped="0" hostname="LAPTOP-0R4OL0F9" name="tests.NoteBookLinkHoverTest" tests="1" failures="0" timestamp="07 Jun 2020 18:47:45 GMT" time="8.471" errors="0">
  <testcase name="TestNoteBookLinkHover" time="8.471" classname="tests.NoteBookLinkHoverTest"/>
</testsuite> <!-- tests.NoteBookLinkHoverTest -->
