<?xml version="1.0" encoding="UTF-8"?>
<!-- Generated by org.testng.reporters.JUnitReportReporter -->
<testsuite skipped="0" hostname="LAPTOP-0R4OL0F9" name="tests.SearchPageTest" tests="1" failures="0" timestamp="07 Jun 2020 18:47:45 GMT" time="14.103" errors="0">
  <testcase name="TestUserCanSearch" time="14.103" classname="tests.SearchPageTest"/>
</testsuite> <!-- tests.SearchPageTest -->
